irun(64): 15.20-s051: (c) Copyright 1995-2018 Cadence Design Systems, Inc.
TOOL:	irun(64)	15.20-s051: Started on Jan 25, 2023 at 11:03:40 IST
irun
	-access +rwc
	t_ram.v
INCLUDE $GF_PDK_HOME/DesignEnv/VirtuosoOA/setup/superstack.cds.lib
|
irun: *W,DLCVAR (../cds.lib,6): cds.lib Invalid environment variable ''.
DEFINE CALIBRE_HOME     /cad_area/vlsi/tools/MENTOR/calibre/aoi_cal_2018.2_41.34
|
irun: *W,DLCPTH (../cds.lib,13): cds.lib Invalid path '/cad_area/vlsi/tools/MENTOR/calibre/aoi_cal_2018.2_41.34' (cds.lib command ignored).
DEFINE UMC_18_CMOS /cad_area/install/pdk/Cadence_PDK/UMC180FDK/Cadence_IC6/G-9FD-MIXED_MODE_RFCMOS18-1.8V_3.3V-1P6M-MMC_UM180FDKMFC00000OA-FDK-Ver.A02_PB.zip_FILES/UM180FDKMFC00000OA_A02_DESIGNKIT.tar.gz_FILES/UM180FDKMFC00000OA_A02_PB.tar.gz_FILES/UMC_18_CMOS/
|
irun: *W,DLCLAP (../cds.lib,28): cds.lib Same file has different definitions for library 'library UMC_18_CMOS from /home/01FE20BEC279/cds.lib line 28, redefines
    library UMC_18_CMOS from same file line 27 defined earlier.' (continuing with last specified path).
DEFINE UMC180Faraday    /cad_area/install/pdk/UMC/UMC180Faraday
|
irun: *W,DLCPTH (../cds.lib,34): cds.lib Invalid path '/cad_area/install/pdk/UMC/UMC180Faraday' (cds.lib command ignored).
DEFINE UMC180Faraday    /cad_area/install/pdk/UMC/UMC180Faraday/fsa0m_a/2008Q3v1.2/50VT_GENERIC_IO/BackEnd/lef
|
irun: *W,DLCPTH (../cds.lib,35): cds.lib Invalid path '/cad_area/install/pdk/UMC/UMC180Faraday/fsa0m_a/2008Q3v1.2/50VT_GENERIC_IO/BackEnd/lef' (cds.lib command ignored).
DEFINE FSA0M_A_50VT_GENERIC_IO /cad_area/install/pdk/UMC/UMC180Faraday/fsa0m_a/2008Q3v1.2/50VT_GENERIC_IO/FrontEnd/composer/FSA0M_A_50VT_GENERIC_IO
|
irun: *W,DLCPTH (../cds.lib,37): cds.lib Invalid path '/cad_area/install/pdk/UMC/UMC180Faraday/fsa0m_a/2008Q3v1.2/50VT_GENERIC_IO/FrontEnd/composer/FSA0M_A_50VT_GENERIC_IO' (cds.lib command ignored).
DEFINE asap7_TechLib $PDK_DIR/cdslib/asap7_TechLib
|
irun: *W,DLCVAR (../cds.lib,42): cds.lib Invalid environment variable ''.
DEFINE asap7ssc7p5t $PDK_DIR/asap7ssc7p5t_05
|
irun: *W,DLCVAR (../cds.lib,67): cds.lib Invalid environment variable ''.
DEFINE 01FE20bec279 /home/01FE20BEC279/01FE20bec279
|
irun: *W,DLCPTH (../cds.lib,72): cds.lib Invalid path '/home/01FE20BEC279/01FE20bec279' (cds.lib command ignored).
DEFINE 01fe20bec279 /home/01FE20BEC279/01fe20bec279
|
irun: *W,DLCLAP (../cds.lib,73): cds.lib Same file has different definitions for library 'library 01fe20bec279 from /home/01FE20BEC279/cds.lib line 73, redefines
    library 01fe20bec279 from same file line 71 defined earlier.' (continuing with last specified path).
DEFINE 01fe20bec279 /home/01FE20BEC279/01fe20bec279
|
irun: *W,DLCLAP (../cds.lib,74): cds.lib Same file has different definitions for library 'library 01fe20bec279 from /home/01FE20BEC279/cds.lib line 74, redefines
    library 01fe20bec279 from same file line 73 defined earlier.' (continuing with last specified path).
DEFINE 01fe20bec279 /home/01FE20BEC279/01fe20bec279
|
irun: *W,DLCLAP (../cds.lib,75): cds.lib Same file has different definitions for library 'library 01fe20bec279 from /home/01FE20BEC279/cds.lib line 75, redefines
    library 01fe20bec279 from same file line 74 defined earlier.' (continuing with last specified path).
INCLUDE $GF_PDK_HOME/DesignEnv/VirtuosoOA/setup/superstack.cds.lib
|
irun: *W,DLCVAR (../cds.lib,6): cds.lib Invalid environment variable ''.
DEFINE CALIBRE_HOME     /cad_area/vlsi/tools/MENTOR/calibre/aoi_cal_2018.2_41.34
|
irun: *W,DLCPTH (../cds.lib,13): cds.lib Invalid path '/cad_area/vlsi/tools/MENTOR/calibre/aoi_cal_2018.2_41.34' (cds.lib command ignored).
DEFINE UMC_18_CMOS /cad_area/install/pdk/Cadence_PDK/UMC180FDK/Cadence_IC6/G-9FD-MIXED_MODE_RFCMOS18-1.8V_3.3V-1P6M-MMC_UM180FDKMFC00000OA-FDK-Ver.A02_PB.zip_FILES/UM180FDKMFC00000OA_A02_DESIGNKIT.tar.gz_FILES/UM180FDKMFC00000OA_A02_PB.tar.gz_FILES/UMC_18_CMOS/
|
irun: *W,DLCLAP (../cds.lib,28): cds.lib Same file has different definitions for library 'library UMC_18_CMOS from /home/01FE20BEC279/cds.lib line 28, redefines
    library UMC_18_CMOS from same file line 27 defined earlier.' (continuing with last specified path).
DEFINE UMC180Faraday    /cad_area/install/pdk/UMC/UMC180Faraday
|
irun: *W,DLCPTH (../cds.lib,34): cds.lib Invalid path '/cad_area/install/pdk/UMC/UMC180Faraday' (cds.lib command ignored).
DEFINE UMC180Faraday    /cad_area/install/pdk/UMC/UMC180Faraday/fsa0m_a/2008Q3v1.2/50VT_GENERIC_IO/BackEnd/lef
|
irun: *W,DLCPTH (../cds.lib,35): cds.lib Invalid path '/cad_area/install/pdk/UMC/UMC180Faraday/fsa0m_a/2008Q3v1.2/50VT_GENERIC_IO/BackEnd/lef' (cds.lib command ignored).
DEFINE FSA0M_A_50VT_GENERIC_IO /cad_area/install/pdk/UMC/UMC180Faraday/fsa0m_a/2008Q3v1.2/50VT_GENERIC_IO/FrontEnd/composer/FSA0M_A_50VT_GENERIC_IO
|
irun: *W,DLCPTH (../cds.lib,37): cds.lib Invalid path '/cad_area/install/pdk/UMC/UMC180Faraday/fsa0m_a/2008Q3v1.2/50VT_GENERIC_IO/FrontEnd/composer/FSA0M_A_50VT_GENERIC_IO' (cds.lib command ignored).
DEFINE asap7_TechLib $PDK_DIR/cdslib/asap7_TechLib
|
irun: *W,DLCVAR (../cds.lib,42): cds.lib Invalid environment variable ''.
DEFINE asap7ssc7p5t $PDK_DIR/asap7ssc7p5t_05
|
irun: *W,DLCVAR (../cds.lib,67): cds.lib Invalid environment variable ''.
DEFINE 01FE20bec279 /home/01FE20BEC279/01FE20bec279
|
irun: *W,DLCPTH (../cds.lib,72): cds.lib Invalid path '/home/01FE20BEC279/01FE20bec279' (cds.lib command ignored).
DEFINE 01fe20bec279 /home/01FE20BEC279/01fe20bec279
|
irun: *W,DLCLAP (../cds.lib,73): cds.lib Same file has different definitions for library 'library 01fe20bec279 from /home/01FE20BEC279/cds.lib line 73, redefines
    library 01fe20bec279 from same file line 71 defined earlier.' (continuing with last specified path).
DEFINE 01fe20bec279 /home/01FE20BEC279/01fe20bec279
|
irun: *W,DLCLAP (../cds.lib,74): cds.lib Same file has different definitions for library 'library 01fe20bec279 from /home/01FE20BEC279/cds.lib line 74, redefines
    library 01fe20bec279 from same file line 73 defined earlier.' (continuing with last specified path).
DEFINE 01fe20bec279 /home/01FE20BEC279/01fe20bec279
|
irun: *W,DLCLAP (../cds.lib,75): cds.lib Same file has different definitions for library 'library 01fe20bec279 from /home/01FE20BEC279/cds.lib line 75, redefines
    library 01fe20bec279 from same file line 74 defined earlier.' (continuing with last specified path).
INCLUDE $GF_PDK_HOME/DesignEnv/VirtuosoOA/setup/superstack.cds.lib
|
irun: *W,DLCVAR (../cds.lib,6): cds.lib Invalid environment variable ''.
DEFINE CALIBRE_HOME     /cad_area/vlsi/tools/MENTOR/calibre/aoi_cal_2018.2_41.34
|
irun: *W,DLCPTH (../cds.lib,13): cds.lib Invalid path '/cad_area/vlsi/tools/MENTOR/calibre/aoi_cal_2018.2_41.34' (cds.lib command ignored).
DEFINE UMC_18_CMOS /cad_area/install/pdk/Cadence_PDK/UMC180FDK/Cadence_IC6/G-9FD-MIXED_MODE_RFCMOS18-1.8V_3.3V-1P6M-MMC_UM180FDKMFC00000OA-FDK-Ver.A02_PB.zip_FILES/UM180FDKMFC00000OA_A02_DESIGNKIT.tar.gz_FILES/UM180FDKMFC00000OA_A02_PB.tar.gz_FILES/UMC_18_CMOS/
|
irun: *W,DLCLAP (../cds.lib,28): cds.lib Same file has different definitions for library 'library UMC_18_CMOS from /home/01FE20BEC279/cds.lib line 28, redefines
    library UMC_18_CMOS from same file line 27 defined earlier.' (continuing with last specified path).
DEFINE UMC180Faraday    /cad_area/install/pdk/UMC/UMC180Faraday
|
irun: *W,DLCPTH (../cds.lib,34): cds.lib Invalid path '/cad_area/install/pdk/UMC/UMC180Faraday' (cds.lib command ignored).
DEFINE UMC180Faraday    /cad_area/install/pdk/UMC/UMC180Faraday/fsa0m_a/2008Q3v1.2/50VT_GENERIC_IO/BackEnd/lef
|
irun: *W,DLCPTH (../cds.lib,35): cds.lib Invalid path '/cad_area/install/pdk/UMC/UMC180Faraday/fsa0m_a/2008Q3v1.2/50VT_GENERIC_IO/BackEnd/lef' (cds.lib command ignored).
DEFINE FSA0M_A_50VT_GENERIC_IO /cad_area/install/pdk/UMC/UMC180Faraday/fsa0m_a/2008Q3v1.2/50VT_GENERIC_IO/FrontEnd/composer/FSA0M_A_50VT_GENERIC_IO
|
irun: *W,DLCPTH (../cds.lib,37): cds.lib Invalid path '/cad_area/install/pdk/UMC/UMC180Faraday/fsa0m_a/2008Q3v1.2/50VT_GENERIC_IO/FrontEnd/composer/FSA0M_A_50VT_GENERIC_IO' (cds.lib command ignored).
DEFINE asap7_TechLib $PDK_DIR/cdslib/asap7_TechLib
|
irun: *W,DLCVAR (../cds.lib,42): cds.lib Invalid environment variable ''.
DEFINE asap7ssc7p5t $PDK_DIR/asap7ssc7p5t_05
|
irun: *W,DLCVAR (../cds.lib,67): cds.lib Invalid environment variable ''.
DEFINE 01FE20bec279 /home/01FE20BEC279/01FE20bec279
|
irun: *W,DLCPTH (../cds.lib,72): cds.lib Invalid path '/home/01FE20BEC279/01FE20bec279' (cds.lib command ignored).
DEFINE 01fe20bec279 /home/01FE20BEC279/01fe20bec279
|
irun: *W,DLCLAP (../cds.lib,73): cds.lib Same file has different definitions for library 'library 01fe20bec279 from /home/01FE20BEC279/cds.lib line 73, redefines
    library 01fe20bec279 from same file line 71 defined earlier.' (continuing with last specified path).
DEFINE 01fe20bec279 /home/01FE20BEC279/01fe20bec279
|
irun: *W,DLCLAP (../cds.lib,74): cds.lib Same file has different definitions for library 'library 01fe20bec279 from /home/01FE20BEC279/cds.lib line 74, redefines
    library 01fe20bec279 from same file line 73 defined earlier.' (continuing with last specified path).
DEFINE 01fe20bec279 /home/01FE20BEC279/01fe20bec279
|
irun: *W,DLCLAP (../cds.lib,75): cds.lib Same file has different definitions for library 'library 01fe20bec279 from /home/01FE20BEC279/cds.lib line 75, redefines
    library 01fe20bec279 from same file line 74 defined earlier.' (continuing with last specified path).
INCLUDE $GF_PDK_HOME/DesignEnv/VirtuosoOA/setup/superstack.cds.lib
|
irun: *W,DLCVAR (../cds.lib,6): cds.lib Invalid environment variable ''.
DEFINE CALIBRE_HOME     /cad_area/vlsi/tools/MENTOR/calibre/aoi_cal_2018.2_41.34
|
irun: *W,DLCPTH (../cds.lib,13): cds.lib Invalid path '/cad_area/vlsi/tools/MENTOR/calibre/aoi_cal_2018.2_41.34' (cds.lib command ignored).
DEFINE UMC_18_CMOS /cad_area/install/pdk/Cadence_PDK/UMC180FDK/Cadence_IC6/G-9FD-MIXED_MODE_RFCMOS18-1.8V_3.3V-1P6M-MMC_UM180FDKMFC00000OA-FDK-Ver.A02_PB.zip_FILES/UM180FDKMFC00000OA_A02_DESIGNKIT.tar.gz_FILES/UM180FDKMFC00000OA_A02_PB.tar.gz_FILES/UMC_18_CMOS/
|
irun: *W,DLCLAP (../cds.lib,28): cds.lib Same file has different definitions for library 'library UMC_18_CMOS from /home/01FE20BEC279/cds.lib line 28, redefines
    library UMC_18_CMOS from same file line 27 defined earlier.' (continuing with last specified path).
DEFINE UMC180Faraday    /cad_area/install/pdk/UMC/UMC180Faraday
|
irun: *W,DLCPTH (../cds.lib,34): cds.lib Invalid path '/cad_area/install/pdk/UMC/UMC180Faraday' (cds.lib command ignored).
DEFINE UMC180Faraday    /cad_area/install/pdk/UMC/UMC180Faraday/fsa0m_a/2008Q3v1.2/50VT_GENERIC_IO/BackEnd/lef
|
irun: *W,DLCPTH (../cds.lib,35): cds.lib Invalid path '/cad_area/install/pdk/UMC/UMC180Faraday/fsa0m_a/2008Q3v1.2/50VT_GENERIC_IO/BackEnd/lef' (cds.lib command ignored).
DEFINE FSA0M_A_50VT_GENERIC_IO /cad_area/install/pdk/UMC/UMC180Faraday/fsa0m_a/2008Q3v1.2/50VT_GENERIC_IO/FrontEnd/composer/FSA0M_A_50VT_GENERIC_IO
|
irun: *W,DLCPTH (../cds.lib,37): cds.lib Invalid path '/cad_area/install/pdk/UMC/UMC180Faraday/fsa0m_a/2008Q3v1.2/50VT_GENERIC_IO/FrontEnd/composer/FSA0M_A_50VT_GENERIC_IO' (cds.lib command ignored).
DEFINE asap7_TechLib $PDK_DIR/cdslib/asap7_TechLib
|
irun: *W,DLCVAR (../cds.lib,42): cds.lib Invalid environment variable ''.
DEFINE asap7ssc7p5t $PDK_DIR/asap7ssc7p5t_05
|
irun: *W,DLCVAR (../cds.lib,67): cds.lib Invalid environment variable ''.
DEFINE 01FE20bec279 /home/01FE20BEC279/01FE20bec279
|
irun: *W,DLCPTH (../cds.lib,72): cds.lib Invalid path '/home/01FE20BEC279/01FE20bec279' (cds.lib command ignored).
DEFINE 01fe20bec279 /home/01FE20BEC279/01fe20bec279
|
irun: *W,DLCLAP (../cds.lib,73): cds.lib Same file has different definitions for library 'library 01fe20bec279 from /home/01FE20BEC279/cds.lib line 73, redefines
    library 01fe20bec279 from same file line 71 defined earlier.' (continuing with last specified path).
DEFINE 01fe20bec279 /home/01FE20BEC279/01fe20bec279
|
irun: *W,DLCLAP (../cds.lib,74): cds.lib Same file has different definitions for library 'library 01fe20bec279 from /home/01FE20BEC279/cds.lib line 74, redefines
    library 01fe20bec279 from same file line 73 defined earlier.' (continuing with last specified path).
DEFINE 01fe20bec279 /home/01FE20BEC279/01fe20bec279
|
irun: *W,DLCLAP (../cds.lib,75): cds.lib Same file has different definitions for library 'library 01fe20bec279 from /home/01FE20BEC279/cds.lib line 75, redefines
    library 01fe20bec279 from same file line 74 defined earlier.' (continuing with last specified path).
Recompiling... reason: file './t_ram.v' is newer than expected.
	expected: Tue Jan 24 19:33:17 2023
	actual:   Wed Jan 25 10:44:04 2023
INCLUDE $GF_PDK_HOME/DesignEnv/VirtuosoOA/setup/superstack.cds.lib
|
irun: *W,DLCVAR (../cds.lib,6): cds.lib Invalid environment variable ''.
DEFINE CALIBRE_HOME     /cad_area/vlsi/tools/MENTOR/calibre/aoi_cal_2018.2_41.34
|
irun: *W,DLCPTH (../cds.lib,13): cds.lib Invalid path '/cad_area/vlsi/tools/MENTOR/calibre/aoi_cal_2018.2_41.34' (cds.lib command ignored).
DEFINE UMC_18_CMOS /cad_area/install/pdk/Cadence_PDK/UMC180FDK/Cadence_IC6/G-9FD-MIXED_MODE_RFCMOS18-1.8V_3.3V-1P6M-MMC_UM180FDKMFC00000OA-FDK-Ver.A02_PB.zip_FILES/UM180FDKMFC00000OA_A02_DESIGNKIT.tar.gz_FILES/UM180FDKMFC00000OA_A02_PB.tar.gz_FILES/UMC_18_CMOS/
|
irun: *W,DLCLAP (../cds.lib,28): cds.lib Same file has different definitions for library 'library UMC_18_CMOS from /home/01FE20BEC279/cds.lib line 28, redefines
    library UMC_18_CMOS from same file line 27 defined earlier.' (continuing with last specified path).
DEFINE UMC180Faraday    /cad_area/install/pdk/UMC/UMC180Faraday
|
irun: *W,DLCPTH (../cds.lib,34): cds.lib Invalid path '/cad_area/install/pdk/UMC/UMC180Faraday' (cds.lib command ignored).
DEFINE UMC180Faraday    /cad_area/install/pdk/UMC/UMC180Faraday/fsa0m_a/2008Q3v1.2/50VT_GENERIC_IO/BackEnd/lef
|
irun: *W,DLCPTH (../cds.lib,35): cds.lib Invalid path '/cad_area/install/pdk/UMC/UMC180Faraday/fsa0m_a/2008Q3v1.2/50VT_GENERIC_IO/BackEnd/lef' (cds.lib command ignored).
DEFINE FSA0M_A_50VT_GENERIC_IO /cad_area/install/pdk/UMC/UMC180Faraday/fsa0m_a/2008Q3v1.2/50VT_GENERIC_IO/FrontEnd/composer/FSA0M_A_50VT_GENERIC_IO
|
irun: *W,DLCPTH (../cds.lib,37): cds.lib Invalid path '/cad_area/install/pdk/UMC/UMC180Faraday/fsa0m_a/2008Q3v1.2/50VT_GENERIC_IO/FrontEnd/composer/FSA0M_A_50VT_GENERIC_IO' (cds.lib command ignored).
DEFINE asap7_TechLib $PDK_DIR/cdslib/asap7_TechLib
|
irun: *W,DLCVAR (../cds.lib,42): cds.lib Invalid environment variable ''.
DEFINE asap7ssc7p5t $PDK_DIR/asap7ssc7p5t_05
|
irun: *W,DLCVAR (../cds.lib,67): cds.lib Invalid environment variable ''.
DEFINE 01FE20bec279 /home/01FE20BEC279/01FE20bec279
|
irun: *W,DLCPTH (../cds.lib,72): cds.lib Invalid path '/home/01FE20BEC279/01FE20bec279' (cds.lib command ignored).
DEFINE 01fe20bec279 /home/01FE20BEC279/01fe20bec279
|
irun: *W,DLCLAP (../cds.lib,73): cds.lib Same file has different definitions for library 'library 01fe20bec279 from /home/01FE20BEC279/cds.lib line 73, redefines
    library 01fe20bec279 from same file line 71 defined earlier.' (continuing with last specified path).
DEFINE 01fe20bec279 /home/01FE20BEC279/01fe20bec279
|
irun: *W,DLCLAP (../cds.lib,74): cds.lib Same file has different definitions for library 'library 01fe20bec279 from /home/01FE20BEC279/cds.lib line 74, redefines
    library 01fe20bec279 from same file line 73 defined earlier.' (continuing with last specified path).
DEFINE 01fe20bec279 /home/01FE20BEC279/01fe20bec279
|
irun: *W,DLCLAP (../cds.lib,75): cds.lib Same file has different definitions for library 'library 01fe20bec279 from /home/01FE20BEC279/cds.lib line 75, redefines
    library 01fe20bec279 from same file line 74 defined earlier.' (continuing with last specified path).
INCLUDE $GF_PDK_HOME/DesignEnv/VirtuosoOA/setup/superstack.cds.lib
|
ncvlog: *W,DLCVAR (../cds.lib,6): cds.lib Invalid environment variable ''.
DEFINE CALIBRE_HOME     /cad_area/vlsi/tools/MENTOR/calibre/aoi_cal_2018.2_41.34
|
ncvlog: *W,DLCPTH (../cds.lib,13): cds.lib Invalid path '/cad_area/vlsi/tools/MENTOR/calibre/aoi_cal_2018.2_41.34' (cds.lib command ignored).
DEFINE UMC_18_CMOS /cad_area/install/pdk/Cadence_PDK/UMC180FDK/Cadence_IC6/G-9FD-MIXED_MODE_RFCMOS18-1.8V_3.3V-1P6M-MMC_UM180FDKMFC00000OA-FDK-Ver.A02_PB.zip_FILES/UM180FDKMFC00000OA_A02_DESIGNKIT.tar.gz_FILES/UM180FDKMFC00000OA_A02_PB.tar.gz_FILES/UMC_18_CMOS/
|
ncvlog: *W,DLCLAP (../cds.lib,28): cds.lib Same file has different definitions for library 'library UMC_18_CMOS from /home/01FE20BEC279/cds.lib line 28, redefines
    library UMC_18_CMOS from same file line 27 defined earlier.' (continuing with last specified path).
DEFINE UMC180Faraday    /cad_area/install/pdk/UMC/UMC180Faraday
|
ncvlog: *W,DLCPTH (../cds.lib,34): cds.lib Invalid path '/cad_area/install/pdk/UMC/UMC180Faraday' (cds.lib command ignored).
DEFINE UMC180Faraday    /cad_area/install/pdk/UMC/UMC180Faraday/fsa0m_a/2008Q3v1.2/50VT_GENERIC_IO/BackEnd/lef
|
ncvlog: *W,DLCPTH (../cds.lib,35): cds.lib Invalid path '/cad_area/install/pdk/UMC/UMC180Faraday/fsa0m_a/2008Q3v1.2/50VT_GENERIC_IO/BackEnd/lef' (cds.lib command ignored).
DEFINE FSA0M_A_50VT_GENERIC_IO /cad_area/install/pdk/UMC/UMC180Faraday/fsa0m_a/2008Q3v1.2/50VT_GENERIC_IO/FrontEnd/composer/FSA0M_A_50VT_GENERIC_IO
|
ncvlog: *W,DLCPTH (../cds.lib,37): cds.lib Invalid path '/cad_area/install/pdk/UMC/UMC180Faraday/fsa0m_a/2008Q3v1.2/50VT_GENERIC_IO/FrontEnd/composer/FSA0M_A_50VT_GENERIC_IO' (cds.lib command ignored).
DEFINE asap7_TechLib $PDK_DIR/cdslib/asap7_TechLib
|
ncvlog: *W,DLCVAR (../cds.lib,42): cds.lib Invalid environment variable ''.
DEFINE asap7ssc7p5t $PDK_DIR/asap7ssc7p5t_05
|
ncvlog: *W,DLCVAR (../cds.lib,67): cds.lib Invalid environment variable ''.
DEFINE 01FE20bec279 /home/01FE20BEC279/01FE20bec279
|
ncvlog: *W,DLCPTH (../cds.lib,72): cds.lib Invalid path '/home/01FE20BEC279/01FE20bec279' (cds.lib command ignored).
DEFINE 01fe20bec279 /home/01FE20BEC279/01fe20bec279
|
ncvlog: *W,DLCLAP (../cds.lib,73): cds.lib Same file has different definitions for library 'library 01fe20bec279 from /home/01FE20BEC279/cds.lib line 73, redefines
    library 01fe20bec279 from same file line 71 defined earlier.' (continuing with last specified path).
DEFINE 01fe20bec279 /home/01FE20BEC279/01fe20bec279
|
ncvlog: *W,DLCLAP (../cds.lib,74): cds.lib Same file has different definitions for library 'library 01fe20bec279 from /home/01FE20BEC279/cds.lib line 74, redefines
    library 01fe20bec279 from same file line 73 defined earlier.' (continuing with last specified path).
DEFINE 01fe20bec279 /home/01FE20BEC279/01fe20bec279
|
ncvlog: *W,DLCLAP (../cds.lib,75): cds.lib Same file has different definitions for library 'library 01fe20bec279 from /home/01FE20BEC279/cds.lib line 75, redefines
    library 01fe20bec279 from same file line 74 defined earlier.' (continuing with last specified path).
file: t_ram.v
repeat(20)
     |
ncvlog: *E,EXPENM (t_ram.v,17|5): expecting the keyword 'endmodule' [12.1(IEEE)].
	module worklib.t_ram:v
		errors: 1, warnings: 0
ncvlog: *F,NOTOPL: no top-level unit found, must have recursive instances.
irun: *E,VLGERR: An error occurred during parsing.  Review the log file for errors with the code *E and fix those identified problems to proceed.  Exiting with code (status 2).
TOOL:	irun(64)	15.20-s051: Exiting on Jan 25, 2023 at 11:03:41 IST  (total: 00:00:01)
